[2026-06-09 17:57:55] INFO apps.payments Order #1 paid: org=1 plan PRO->PRO
[2026-06-09 17:57:55] INFO apps.payments Order #1 cancelled: org=1
[2026-06-09 17:57:56] INFO apps.payments Order #1 paid: org=1 plan PRO->PRO
[2026-06-09 17:57:56] INFO apps.payments Order #1 reverted: org=1 plan PRO->PRO
[2026-06-09 17:57:56] INFO apps.payments CreateTransaction payme_id=audit_test_txn_001 order_id=1 amount=4900000
[2026-06-09 17:57:56] INFO apps.payments Order #1 paid: org=1 plan PRO->PRO
[2026-06-09 17:57:56] INFO apps.payments PerformTransaction: success payme_id=audit_test_txn_001 order_id=1
[2026-06-09 18:07:51] INFO apps.payments Order #1 paid: org=1 plan PRO->PRO
[2026-06-09 18:07:51] INFO apps.payments Order #1 paid: org=1 plan PRO->PRO
[2026-06-09 18:07:51] INFO apps.payments Downgraded org=1 from PRO to BASIC (grace period expired)
[2026-06-09 18:07:51] WARNING apps.payments Subscription expiring: org=1 expires=2026-06-11 13:07:51.777164+00:00
[2026-06-09 18:09:48] WARNING apps.payments Payme auth failed ip=127.0.0.1
[2026-06-09 18:11:00] WARNING apps.core user 1 has no org, returning qs.none()
[2026-06-09 18:11:02] WARNING apps.core user 1 has no org, saving without organization
[2026-06-09 18:11:02] ERROR django.request Internal Server Error: /api/operations/
Traceback (most recent call last):
  File "/Users/jakha/Programming/Django/marga-manager/backend/.venv/lib/python3.13/site-packages/django/db/backends/utils.py", line 105, in _execute
    return self.cursor.execute(sql, params)
           ~~~~~~~~~~~~~~~~~~~^^^^^^^^^^^^^
  File "/Users/jakha/Programming/Django/marga-manager/backend/.venv/lib/python3.13/site-packages/django/db/backends/sqlite3/base.py", line 359, in execute
    return super().execute(query, params)
           ~~~~~~~~~~~~~~~^^^^^^^^^^^^^^^
sqlite3.IntegrityError: NOT NULL constraint failed: operations_operationentry.organization_id

The above exception was the direct cause of the following exception:

Traceback (most recent call last):
  File "/Users/jakha/Programming/Django/marga-manager/backend/.venv/lib/python3.13/site-packages/django/core/handlers/exception.py", line 55, in inner
    response = get_response(request)
  File "/Users/jakha/Programming/Django/marga-manager/backend/.venv/lib/python3.13/site-packages/django/core/handlers/base.py", line 198, in _get_response
    response = wrapped_callback(request, *callback_args, **callback_kwargs)
  File "/Users/jakha/Programming/Django/marga-manager/backend/.venv/lib/python3.13/site-packages/django/views/decorators/csrf.py", line 65, in _view_wrapper
    return view_func(request, *args, **kwargs)
  File "/Users/jakha/Programming/Django/marga-manager/backend/.venv/lib/python3.13/site-packages/rest_framework/viewsets.py", line 125, in view
    return self.dispatch(request, *args, **kwargs)
           ~~~~~~~~~~~~~^^^^^^^^^^^^^^^^^^^^^^^^^^
  File "/Users/jakha/Programming/Django/marga-manager/backend/.venv/lib/python3.13/site-packages/rest_framework/views.py", line 515, in dispatch
    response = self.handle_exception(exc)
  File "/Users/jakha/Programming/Django/marga-manager/backend/.venv/lib/python3.13/site-packages/rest_framework/views.py", line 475, in handle_exception
    self.raise_uncaught_exception(exc)
    ~~~~~~~~~~~~~~~~~~~~~~~~~~~~~^^^^^
  File "/Users/jakha/Programming/Django/marga-manager/backend/.venv/lib/python3.13/site-packages/rest_framework/views.py", line 486, in raise_uncaught_exception
    raise exc
  File "/Users/jakha/Programming/Django/marga-manager/backend/.venv/lib/python3.13/site-packages/rest_framework/views.py", line 512, in dispatch
    response = handler(request, *args, **kwargs)
  File "/Users/jakha/Programming/Django/marga-manager/backend/.venv/lib/python3.13/site-packages/rest_framework/mixins.py", line 19, in create
    self.perform_create(serializer)
    ~~~~~~~~~~~~~~~~~~~^^^^^^^^^^^^
  File "/Users/jakha/Programming/Django/marga-manager/backend/apps/core/mixins.py", line 61, in perform_create
    serializer.save()
    ~~~~~~~~~~~~~~~^^
  File "/Users/jakha/Programming/Django/marga-manager/backend/.venv/lib/python3.13/site-packages/rest_framework/serializers.py", line 210, in save
    self.instance = self.create(validated_data)
                    ~~~~~~~~~~~^^^^^^^^^^^^^^^^
  File "/Users/jakha/Programming/Django/marga-manager/backend/.venv/lib/python3.13/site-packages/rest_framework/serializers.py", line 991, in create
    instance = ModelClass._default_manager.create(**validated_data)
  File "/Users/jakha/Programming/Django/marga-manager/backend/.venv/lib/python3.13/site-packages/django/db/models/manager.py", line 87, in manager_method
    return getattr(self.get_queryset(), name)(*args, **kwargs)
           ~~~~~~~~~~~~~~~~~~~~~~~~~~~~~~~~~~^^^^^^^^^^^^^^^^^
  File "/Users/jakha/Programming/Django/marga-manager/backend/.venv/lib/python3.13/site-packages/django/db/models/query.py", line 669, in create
    obj.save(force_insert=True, using=self.db)
    ~~~~~~~~^^^^^^^^^^^^^^^^^^^^^^^^^^^^^^^^^^
  File "/Users/jakha/Programming/Django/marga-manager/backend/.venv/lib/python3.13/site-packages/django/db/models/base.py", line 874, in save
    self.save_base(
    ~~~~~~~~~~~~~~^
        using=using,
        ^^^^^^^^^^^^
    ...<2 lines>...
        update_fields=update_fields,
        ^^^^^^^^^^^^^^^^^^^^^^^^^^^^
    )
    ^
  File "/Users/jakha/Programming/Django/marga-manager/backend/.venv/lib/python3.13/site-packages/django/db/models/base.py", line 966, in save_base
    updated = self._save_table(
        raw,
    ...<4 lines>...
        update_fields,
    )
  File "/Users/jakha/Programming/Django/marga-manager/backend/.venv/lib/python3.13/site-packages/django/db/models/base.py", line 1169, in _save_table
    results = self._do_insert(
        cls._base_manager, using, insert_fields, returning_fields, raw
    )
  File "/Users/jakha/Programming/Django/marga-manager/backend/.venv/lib/python3.13/site-packages/django/db/models/base.py", line 1220, in _do_insert
    return manager._insert(
           ~~~~~~~~~~~~~~~^
        [self],
        ^^^^^^^
    ...<3 lines>...
        raw=raw,
        ^^^^^^^^
    )
    ^
  File "/Users/jakha/Programming/Django/marga-manager/backend/.venv/lib/python3.13/site-packages/django/db/models/manager.py", line 87, in manager_method
    return getattr(self.get_queryset(), name)(*args, **kwargs)
           ~~~~~~~~~~~~~~~~~~~~~~~~~~~~~~~~~~^^^^^^^^^^^^^^^^^
  File "/Users/jakha/Programming/Django/marga-manager/backend/.venv/lib/python3.13/site-packages/django/db/models/query.py", line 1918, in _insert
    return query.get_compiler(using=using).execute_sql(returning_fields)
           ~~~~~~~~~~~~~~~~~~~~~~~~~~~~~~~~~~~~~~~~~~~^^^^^^^^^^^^^^^^^^
  File "/Users/jakha/Programming/Django/marga-manager/backend/.venv/lib/python3.13/site-packages/django/db/models/sql/compiler.py", line 1925, in execute_sql
    cursor.execute(sql, params)
    ~~~~~~~~~~~~~~^^^^^^^^^^^^^
  File "/Users/jakha/Programming/Django/marga-manager/backend/.venv/lib/python3.13/site-packages/django/db/backends/utils.py", line 79, in execute
    return self._execute_with_wrappers(
           ~~~~~~~~~~~~~~~~~~~~~~~~~~~^
        sql, params, many=False, executor=self._execute
        ^^^^^^^^^^^^^^^^^^^^^^^^^^^^^^^^^^^^^^^^^^^^^^^
    )
    ^
  File "/Users/jakha/Programming/Django/marga-manager/backend/.venv/lib/python3.13/site-packages/django/db/backends/utils.py", line 92, in _execute_with_wrappers
    return executor(sql, params, many, context)
  File "/Users/jakha/Programming/Django/marga-manager/backend/.venv/lib/python3.13/site-packages/django/db/backends/utils.py", line 100, in _execute
    with self.db.wrap_database_errors:
         ^^^^^^^^^^^^^^^^^^^^^^^^^^^^
  File "/Users/jakha/Programming/Django/marga-manager/backend/.venv/lib/python3.13/site-packages/django/db/utils.py", line 94, in __exit__
    raise dj_exc_value.with_traceback(traceback) from exc_value
  File "/Users/jakha/Programming/Django/marga-manager/backend/.venv/lib/python3.13/site-packages/django/db/backends/utils.py", line 105, in _execute
    return self.cursor.execute(sql, params)
           ~~~~~~~~~~~~~~~~~~~^^^^^^^^^^^^^
  File "/Users/jakha/Programming/Django/marga-manager/backend/.venv/lib/python3.13/site-packages/django/db/backends/sqlite3/base.py", line 359, in execute
    return super().execute(query, params)
           ~~~~~~~~~~~~~~~^^^^^^^^^^^^^^^
django.db.utils.IntegrityError: NOT NULL constraint failed: operations_operationentry.organization_id
[2026-06-09 18:11:35] WARNING apps.core user 1 has no org, returning qs.none()
[2026-06-09 18:14:30] WARNING apps.core user 1 has no org, returning qs.none()
[2026-06-09 18:14:31] INFO apps.accounts Login success: user=tenantadmin ip=127.0.0.1
[2026-06-09 18:14:32] INFO apps.accounts Login success: user=tenantadmin ip=127.0.0.1
[2026-06-09 18:14:33] INFO apps.accounts Login success: user=tenantadmin ip=127.0.0.1
[2026-06-09 18:14:33] INFO apps.accounts Login success: user=superadmin ip=127.0.0.1
[2026-06-09 18:14:34] INFO apps.accounts User created: newcook by tenantadmin
[2026-06-09 18:14:36] INFO apps.accounts User deleted: id=2 by tenantadmin
[2026-06-09 18:14:52] INFO apps.payments Order #1 paid: org=1 plan PRO->PRO
[2026-06-09 18:14:52] INFO apps.payments Order #1 cancelled: org=1
[2026-06-09 18:14:52] WARNING apps.payments Payme auth failed ip=127.0.0.1
[2026-06-09 18:14:52] WARNING apps.payments Payme auth failed ip=127.0.0.1
[2026-06-09 18:14:53] INFO apps.payments CheckPerformTransaction order_id=1 amount=4900000
[2026-06-09 18:14:53] INFO apps.payments CheckPerformTransaction order_id=1 amount=999
[2026-06-09 18:14:53] WARNING apps.payments CheckPerformTransaction: wrong amount order_id=1 expected=4900000 got=999
[2026-06-09 18:14:53] INFO apps.payments CheckPerformTransaction order_id=99999 amount=4900000
[2026-06-09 18:14:53] WARNING apps.payments CheckPerformTransaction: order not found order_id=99999
[2026-06-09 18:14:53] INFO apps.payments Order #1 paid: org=1 plan PRO->PRO
[2026-06-09 18:14:53] INFO apps.payments CheckPerformTransaction order_id=1 amount=4900000
[2026-06-09 18:14:53] WARNING apps.payments CheckPerformTransaction: order already paid order_id=1
[2026-06-09 18:14:53] INFO apps.payments CreateTransaction payme_id=txn_create_001 order_id=1 amount=4900000
[2026-06-09 18:14:54] INFO apps.payments CreateTransaction payme_id=txn_create_001 order_id=1 amount=4900000
[2026-06-09 18:14:54] INFO apps.payments CreateTransaction payme_id=txn_create_001 order_id=1 amount=4900000
[2026-06-09 18:14:54] INFO apps.payments CreateTransaction: idempotent payme_id=txn_create_001 txn_id=1
[2026-06-09 18:14:54] INFO apps.payments CreateTransaction payme_id=txn_create_001 order_id=99999 amount=4900000
[2026-06-09 18:14:54] INFO apps.payments CreateTransaction payme_id=txn_perform_001 order_id=1 amount=4900000
[2026-06-09 18:14:54] INFO apps.payments Order #1 paid: org=1 plan PRO->PRO
[2026-06-09 18:14:54] INFO apps.payments PerformTransaction: success payme_id=txn_perform_001 order_id=1
[2026-06-09 18:14:54] INFO apps.payments CreateTransaction payme_id=txn_perform_001 order_id=1 amount=4900000
[2026-06-09 18:14:54] INFO apps.payments Order #1 paid: org=1 plan PRO->PRO
[2026-06-09 18:14:54] INFO apps.payments PerformTransaction: success payme_id=txn_perform_001 order_id=1
[2026-06-09 18:14:54] INFO apps.payments CreateTransaction payme_id=txn_cancel_001 order_id=1 amount=4900000
[2026-06-09 18:14:54] INFO apps.payments Order #1 cancelled: org=1
[2026-06-09 18:14:54] INFO apps.payments CancelTransaction: before-perform payme_id=txn_cancel_001 reason=1
[2026-06-09 18:14:55] INFO apps.payments CreateTransaction payme_id=txn_cancel_001 order_id=1 amount=4900000
[2026-06-09 18:14:55] INFO apps.payments Order #1 paid: org=1 plan PRO->PRO
[2026-06-09 18:14:55] INFO apps.payments PerformTransaction: success payme_id=txn_cancel_001 order_id=1
[2026-06-09 18:14:55] INFO apps.payments Order #1 reverted: org=1 plan PRO->PRO
[2026-06-09 18:14:55] INFO apps.payments CancelTransaction: after-perform payme_id=txn_cancel_001 reason=2
[2026-06-09 18:14:55] INFO apps.payments CreateTransaction payme_id=txn_cancel_001 order_id=1 amount=4900000
[2026-06-09 18:14:55] INFO apps.payments Order #1 cancelled: org=1
[2026-06-09 18:14:55] INFO apps.payments CancelTransaction: before-perform payme_id=txn_cancel_001 reason=1
[2026-06-09 18:14:55] INFO apps.payments CreateTransaction payme_id=txn_check_001 order_id=1 amount=4900000
[2026-06-09 18:14:55] INFO apps.payments CreateTransaction payme_id=txn_stmt_001 order_id=1 amount=4900000
[2026-06-09 18:14:57] WARNING apps.payments Payme auth failed ip=127.0.0.1
[2026-06-09 18:14:57] INFO apps.payments CreateTransaction payme_id=txn_revert_plan_001 order_id=1 amount=4900000
[2026-06-09 18:14:57] INFO apps.payments Order #1 paid: org=1 plan PRO->PRO
[2026-06-09 18:14:57] INFO apps.payments PerformTransaction: success payme_id=txn_revert_plan_001 order_id=1
[2026-06-09 18:14:57] INFO apps.payments Order #1 reverted: org=1 plan PRO->PRO
[2026-06-09 18:14:57] INFO apps.payments CancelTransaction: after-perform payme_id=txn_revert_plan_001 reason=5
[2026-06-09 18:14:59] INFO apps.payments Order #1 paid: org=1 plan PRO->PRO
[2026-06-09 18:14:59] INFO apps.payments Order #1 cancelled: org=1
[2026-06-09 18:14:59] INFO apps.payments Order #1 paid: org=1 plan PRO->PRO
[2026-06-09 18:14:59] INFO apps.payments Order #1 reverted: org=1 plan PRO->PRO
[2026-06-09 18:15:00] INFO apps.payments CreateTransaction payme_id=audit_test_txn_001 order_id=1 amount=4900000
[2026-06-09 18:15:00] INFO apps.payments Order #1 paid: org=1 plan PRO->PRO
[2026-06-09 18:15:00] INFO apps.payments PerformTransaction: success payme_id=audit_test_txn_001 order_id=1
[2026-06-09 18:15:00] INFO apps.payments Order #1 paid: org=1 plan PRO->PRO
[2026-06-09 18:15:01] INFO apps.payments Order #1 paid: org=1 plan PRO->PRO
[2026-06-09 18:15:01] INFO apps.payments Downgraded org=1 from PRO to BASIC (grace period expired)
[2026-06-09 18:15:01] WARNING apps.payments Subscription expiring: org=1 expires=2026-06-11 13:15:01.115404+00:00
[2026-06-09 18:15:11] INFO apps.accounts Login success: user=tenantadmin ip=127.0.0.1
[2026-06-09 18:16:05] WARNING apps.core user 1 has no org, returning qs.none()
[2026-06-09 18:16:06] INFO apps.accounts Login success: user=tenantadmin ip=127.0.0.1
[2026-06-09 18:16:08] INFO apps.accounts Login success: user=tenantadmin ip=127.0.0.1
[2026-06-09 18:16:08] INFO apps.accounts Login success: user=tenantadmin ip=127.0.0.1
[2026-06-09 18:16:09] INFO apps.accounts Login success: user=superadmin ip=127.0.0.1
[2026-06-09 18:16:10] INFO apps.accounts User created: newcook by tenantadmin
[2026-06-09 18:16:11] INFO apps.accounts User deleted: id=2 by tenantadmin
[2026-06-09 18:16:27] INFO apps.payments Order #1 paid: org=1 plan PRO->PRO
[2026-06-09 18:16:27] INFO apps.payments Order #1 cancelled: org=1
[2026-06-09 18:16:27] WARNING apps.payments Payme auth failed ip=127.0.0.1
[2026-06-09 18:16:27] WARNING apps.payments Payme auth failed ip=127.0.0.1
[2026-06-09 18:16:27] INFO apps.payments CheckPerformTransaction order_id=1 amount=4900000
[2026-06-09 18:16:28] INFO apps.payments CheckPerformTransaction order_id=1 amount=999
[2026-06-09 18:16:28] WARNING apps.payments CheckPerformTransaction: wrong amount order_id=1 expected=4900000 got=999
[2026-06-09 18:16:28] INFO apps.payments CheckPerformTransaction order_id=99999 amount=4900000
[2026-06-09 18:16:28] WARNING apps.payments CheckPerformTransaction: order not found order_id=99999
[2026-06-09 18:16:28] INFO apps.payments Order #1 paid: org=1 plan PRO->PRO
[2026-06-09 18:16:28] INFO apps.payments CheckPerformTransaction order_id=1 amount=4900000
[2026-06-09 18:16:28] WARNING apps.payments CheckPerformTransaction: order already paid order_id=1
[2026-06-09 18:16:28] INFO apps.payments CreateTransaction payme_id=txn_create_001 order_id=1 amount=4900000
[2026-06-09 18:16:28] INFO apps.payments CreateTransaction payme_id=txn_create_001 order_id=1 amount=4900000
[2026-06-09 18:16:28] INFO apps.payments CreateTransaction payme_id=txn_create_001 order_id=1 amount=4900000
[2026-06-09 18:16:28] INFO apps.payments CreateTransaction: idempotent payme_id=txn_create_001 txn_id=1
[2026-06-09 18:16:28] INFO apps.payments CreateTransaction payme_id=txn_create_001 order_id=99999 amount=4900000
[2026-06-09 18:16:29] INFO apps.payments CreateTransaction payme_id=txn_perform_001 order_id=1 amount=4900000
[2026-06-09 18:16:29] INFO apps.payments Order #1 paid: org=1 plan PRO->PRO
[2026-06-09 18:16:29] INFO apps.payments PerformTransaction: success payme_id=txn_perform_001 order_id=1
[2026-06-09 18:16:29] INFO apps.payments CreateTransaction payme_id=txn_perform_001 order_id=1 amount=4900000
[2026-06-09 18:16:29] INFO apps.payments Order #1 paid: org=1 plan PRO->PRO
[2026-06-09 18:16:29] INFO apps.payments PerformTransaction: success payme_id=txn_perform_001 order_id=1
[2026-06-09 18:16:29] INFO apps.payments CreateTransaction payme_id=txn_cancel_001 order_id=1 amount=4900000
[2026-06-09 18:16:29] INFO apps.payments Order #1 cancelled: org=1
[2026-06-09 18:16:29] INFO apps.payments CancelTransaction: before-perform payme_id=txn_cancel_001 reason=1
[2026-06-09 18:16:29] INFO apps.payments CreateTransaction payme_id=txn_cancel_001 order_id=1 amount=4900000
[2026-06-09 18:16:29] INFO apps.payments Order #1 paid: org=1 plan PRO->PRO
[2026-06-09 18:16:29] INFO apps.payments PerformTransaction: success payme_id=txn_cancel_001 order_id=1
[2026-06-09 18:16:29] INFO apps.payments Order #1 reverted: org=1 plan PRO->PRO
[2026-06-09 18:16:29] INFO apps.payments CancelTransaction: after-perform payme_id=txn_cancel_001 reason=2
[2026-06-09 18:16:30] INFO apps.payments CreateTransaction payme_id=txn_cancel_001 order_id=1 amount=4900000
[2026-06-09 18:16:30] INFO apps.payments Order #1 cancelled: org=1
[2026-06-09 18:16:30] INFO apps.payments CancelTransaction: before-perform payme_id=txn_cancel_001 reason=1
[2026-06-09 18:16:30] INFO apps.payments CreateTransaction payme_id=txn_check_001 order_id=1 amount=4900000
[2026-06-09 18:16:30] INFO apps.payments CreateTransaction payme_id=txn_stmt_001 order_id=1 amount=4900000
[2026-06-09 18:16:32] WARNING apps.payments Payme auth failed ip=127.0.0.1
[2026-06-09 18:16:32] INFO apps.payments CreateTransaction payme_id=txn_revert_plan_001 order_id=1 amount=4900000
[2026-06-09 18:16:32] INFO apps.payments Order #1 paid: org=1 plan PRO->PRO
[2026-06-09 18:16:32] INFO apps.payments PerformTransaction: success payme_id=txn_revert_plan_001 order_id=1
[2026-06-09 18:16:32] INFO apps.payments Order #1 reverted: org=1 plan PRO->PRO
[2026-06-09 18:16:32] INFO apps.payments CancelTransaction: after-perform payme_id=txn_revert_plan_001 reason=5
[2026-06-09 18:16:34] INFO apps.payments Order #1 paid: org=1 plan PRO->PRO
[2026-06-09 18:16:34] INFO apps.payments Order #1 cancelled: org=1
[2026-06-09 18:16:34] INFO apps.payments Order #1 paid: org=1 plan PRO->PRO
[2026-06-09 18:16:34] INFO apps.payments Order #1 reverted: org=1 plan PRO->PRO
[2026-06-09 18:16:35] INFO apps.payments CreateTransaction payme_id=audit_test_txn_001 order_id=1 amount=4900000
[2026-06-09 18:16:35] INFO apps.payments Order #1 paid: org=1 plan PRO->PRO
[2026-06-09 18:16:35] INFO apps.payments PerformTransaction: success payme_id=audit_test_txn_001 order_id=1
[2026-06-09 18:16:35] INFO apps.payments Order #1 paid: org=1 plan PRO->PRO
[2026-06-09 18:16:35] INFO apps.payments Order #1 paid: org=1 plan PRO->PRO
[2026-06-09 18:16:35] INFO apps.payments Downgraded org=1 from PRO to BASIC (grace period expired)
[2026-06-09 18:16:35] WARNING apps.payments Subscription expiring: org=1 expires=2026-06-11 13:16:35.981708+00:00
[2026-06-09 18:16:46] INFO apps.accounts Login success: user=tenantadmin ip=127.0.0.1
[2026-06-10 09:38:35] WARNING apps.core user 1 has no org, returning qs.none()
[2026-06-10 09:38:37] INFO apps.accounts Login success: user=tenantadmin ip=127.0.0.1
[2026-06-10 09:38:38] INFO apps.accounts Login success: user=tenantadmin ip=127.0.0.1
[2026-06-10 09:38:38] INFO apps.accounts Login success: user=tenantadmin ip=127.0.0.1
[2026-06-10 09:38:39] INFO apps.accounts Login success: user=superadmin ip=127.0.0.1
[2026-06-10 09:38:40] INFO apps.accounts User created: newcook by tenantadmin
[2026-06-10 09:38:41] INFO apps.accounts User deleted: id=2 by tenantadmin
[2026-06-10 09:38:57] INFO apps.payments Order #1 paid: org=1 plan PRO->PRO
[2026-06-10 09:38:57] INFO apps.payments Order #1 cancelled: org=1
[2026-06-10 09:38:57] WARNING apps.payments Payme auth failed ip=127.0.0.1
[2026-06-10 09:38:57] WARNING apps.payments Payme auth failed ip=127.0.0.1
[2026-06-10 09:38:57] INFO apps.payments CheckPerformTransaction order_id=1 amount=4900000
[2026-06-10 09:38:58] INFO apps.payments CheckPerformTransaction order_id=1 amount=999
[2026-06-10 09:38:58] WARNING apps.payments CheckPerformTransaction: wrong amount order_id=1 expected=4900000 got=999
[2026-06-10 09:38:58] INFO apps.payments CheckPerformTransaction order_id=99999 amount=4900000
[2026-06-10 09:38:58] WARNING apps.payments CheckPerformTransaction: order not found order_id=99999
[2026-06-10 09:38:58] INFO apps.payments Order #1 paid: org=1 plan PRO->PRO
[2026-06-10 09:38:58] INFO apps.payments CheckPerformTransaction order_id=1 amount=4900000
[2026-06-10 09:38:58] WARNING apps.payments CheckPerformTransaction: order already paid order_id=1
[2026-06-10 09:38:58] INFO apps.payments CreateTransaction payme_id=txn_create_001 order_id=1 amount=4900000
[2026-06-10 09:38:58] INFO apps.payments CreateTransaction payme_id=txn_create_001 order_id=1 amount=4900000
[2026-06-10 09:38:58] INFO apps.payments CreateTransaction payme_id=txn_create_001 order_id=1 amount=4900000
[2026-06-10 09:38:58] INFO apps.payments CreateTransaction: idempotent payme_id=txn_create_001 txn_id=1
[2026-06-10 09:38:58] INFO apps.payments CreateTransaction payme_id=txn_create_001 order_id=99999 amount=4900000
[2026-06-10 09:38:59] INFO apps.payments CreateTransaction payme_id=txn_perform_001 order_id=1 amount=4900000
[2026-06-10 09:38:59] INFO apps.payments Order #1 paid: org=1 plan PRO->PRO
[2026-06-10 09:38:59] INFO apps.payments PerformTransaction: success payme_id=txn_perform_001 order_id=1
[2026-06-10 09:38:59] INFO apps.payments CreateTransaction payme_id=txn_perform_001 order_id=1 amount=4900000
[2026-06-10 09:38:59] INFO apps.payments Order #1 paid: org=1 plan PRO->PRO
[2026-06-10 09:38:59] INFO apps.payments PerformTransaction: success payme_id=txn_perform_001 order_id=1
[2026-06-10 09:38:59] INFO apps.payments CreateTransaction payme_id=txn_cancel_001 order_id=1 amount=4900000
[2026-06-10 09:38:59] INFO apps.payments Order #1 cancelled: org=1
[2026-06-10 09:38:59] INFO apps.payments CancelTransaction: before-perform payme_id=txn_cancel_001 reason=1
[2026-06-10 09:38:59] INFO apps.payments CreateTransaction payme_id=txn_cancel_001 order_id=1 amount=4900000
[2026-06-10 09:38:59] INFO apps.payments Order #1 paid: org=1 plan PRO->PRO
[2026-06-10 09:38:59] INFO apps.payments PerformTransaction: success payme_id=txn_cancel_001 order_id=1
[2026-06-10 09:38:59] INFO apps.payments Order #1 reverted: org=1 plan PRO->PRO
[2026-06-10 09:38:59] INFO apps.payments CancelTransaction: after-perform payme_id=txn_cancel_001 reason=2
[2026-06-10 09:38:59] INFO apps.payments CreateTransaction payme_id=txn_cancel_001 order_id=1 amount=4900000
[2026-06-10 09:38:59] INFO apps.payments Order #1 cancelled: org=1
[2026-06-10 09:38:59] INFO apps.payments CancelTransaction: before-perform payme_id=txn_cancel_001 reason=1
[2026-06-10 09:39:00] INFO apps.payments CreateTransaction payme_id=txn_check_001 order_id=1 amount=4900000
[2026-06-10 09:39:00] INFO apps.payments CreateTransaction payme_id=txn_stmt_001 order_id=1 amount=4900000
[2026-06-10 09:39:02] WARNING apps.payments Payme auth failed ip=127.0.0.1
[2026-06-10 09:39:02] INFO apps.payments CreateTransaction payme_id=txn_revert_plan_001 order_id=1 amount=4900000
[2026-06-10 09:39:02] INFO apps.payments Order #1 paid: org=1 plan PRO->PRO
[2026-06-10 09:39:02] INFO apps.payments PerformTransaction: success payme_id=txn_revert_plan_001 order_id=1
[2026-06-10 09:39:02] INFO apps.payments Order #1 reverted: org=1 plan PRO->PRO
[2026-06-10 09:39:02] INFO apps.payments CancelTransaction: after-perform payme_id=txn_revert_plan_001 reason=5
[2026-06-10 09:39:04] INFO apps.payments Order #1 paid: org=1 plan PRO->PRO
[2026-06-10 09:39:04] INFO apps.payments Order #1 cancelled: org=1
[2026-06-10 09:39:04] INFO apps.payments Order #1 paid: org=1 plan PRO->PRO
[2026-06-10 09:39:04] INFO apps.payments Order #1 reverted: org=1 plan PRO->PRO
[2026-06-10 09:39:04] INFO apps.payments CreateTransaction payme_id=audit_test_txn_001 order_id=1 amount=4900000
[2026-06-10 09:39:04] INFO apps.payments Order #1 paid: org=1 plan PRO->PRO
[2026-06-10 09:39:04] INFO apps.payments PerformTransaction: success payme_id=audit_test_txn_001 order_id=1
[2026-06-10 09:39:05] INFO apps.payments Order #1 paid: org=1 plan PRO->PRO
[2026-06-10 09:39:05] INFO apps.payments Order #1 paid: org=1 plan PRO->PRO
[2026-06-10 09:39:05] INFO apps.payments Downgraded org=1 from PRO to BASIC (grace period expired)
[2026-06-10 09:39:05] WARNING apps.payments Subscription expiring: org=1 expires=2026-06-12 04:39:05.739585+00:00
[2026-06-10 09:39:16] INFO apps.accounts Login success: user=tenantadmin ip=127.0.0.1
[2026-06-10 10:13:02] INFO apps.accounts User created: new_cook by tenantadmin
[2026-06-10 10:13:02] INFO apps.accounts User created: sa_user by superadmin
[2026-06-10 10:13:48] INFO apps.accounts Login success: user=tenantadmin ip=127.0.0.1
[2026-06-10 10:14:02] INFO apps.accounts Login success: user=tenantadmin ip=127.0.0.1
[2026-06-10 10:14:35] INFO apps.accounts Login success: user=tenantadmin ip=127.0.0.1
[2026-06-10 10:16:26] INFO apps.accounts Login success: user=tenantadmin ip=127.0.0.1
[2026-06-10 10:16:35] WARNING apps.core user 1 has no org, returning qs.none()
[2026-06-10 10:16:37] INFO apps.accounts Login success: user=tenantadmin ip=127.0.0.1
[2026-06-10 10:16:38] INFO apps.accounts Login success: user=tenantadmin ip=127.0.0.1
[2026-06-10 10:16:38] INFO apps.accounts Login success: user=tenantadmin ip=127.0.0.1
[2026-06-10 10:16:39] INFO apps.accounts Login success: user=superadmin ip=127.0.0.1
[2026-06-10 10:16:40] INFO apps.accounts User created: newcook by tenantadmin
[2026-06-10 10:16:41] INFO apps.accounts User deleted: id=2 by tenantadmin
[2026-06-10 10:16:42] INFO apps.accounts User created: new_cook by tenantadmin
[2026-06-10 10:16:42] INFO apps.accounts User created: sa_user by superadmin
[2026-06-10 10:17:01] INFO apps.accounts Login success: user=tenantadmin ip=127.0.0.1
[2026-06-10 10:17:02] INFO apps.payments Order #1 paid: org=1 plan PRO->PRO
[2026-06-10 10:17:02] INFO apps.payments Order #1 cancelled: org=1
[2026-06-10 10:17:02] WARNING apps.payments Payme auth failed ip=127.0.0.1
[2026-06-10 10:17:02] WARNING apps.payments Payme auth failed ip=127.0.0.1
[2026-06-10 10:17:03] INFO apps.payments CheckPerformTransaction order_id=1 amount=4900000
[2026-06-10 10:17:03] INFO apps.payments CheckPerformTransaction order_id=1 amount=999
[2026-06-10 10:17:03] WARNING apps.payments CheckPerformTransaction: wrong amount order_id=1 expected=4900000 got=999
[2026-06-10 10:17:03] INFO apps.payments CheckPerformTransaction order_id=99999 amount=4900000
[2026-06-10 10:17:03] WARNING apps.payments CheckPerformTransaction: order not found order_id=99999
[2026-06-10 10:17:03] INFO apps.payments Order #1 paid: org=1 plan PRO->PRO
[2026-06-10 10:17:03] INFO apps.payments CheckPerformTransaction order_id=1 amount=4900000
[2026-06-10 10:17:03] WARNING apps.payments CheckPerformTransaction: order already paid order_id=1
[2026-06-10 10:17:03] INFO apps.payments CreateTransaction payme_id=txn_create_001 order_id=1 amount=4900000
[2026-06-10 10:17:04] INFO apps.payments CreateTransaction payme_id=txn_create_001 order_id=1 amount=4900000
[2026-06-10 10:17:04] INFO apps.payments CreateTransaction payme_id=txn_create_001 order_id=1 amount=4900000
[2026-06-10 10:17:04] INFO apps.payments CreateTransaction: idempotent payme_id=txn_create_001 txn_id=1
[2026-06-10 10:17:04] INFO apps.payments CreateTransaction payme_id=txn_create_001 order_id=99999 amount=4900000
[2026-06-10 10:17:04] INFO apps.payments CreateTransaction payme_id=txn_perform_001 order_id=1 amount=4900000
[2026-06-10 10:17:04] INFO apps.payments Order #1 paid: org=1 plan PRO->PRO
[2026-06-10 10:17:04] INFO apps.payments PerformTransaction: success payme_id=txn_perform_001 order_id=1
[2026-06-10 10:17:04] INFO apps.payments CreateTransaction payme_id=txn_perform_001 order_id=1 amount=4900000
[2026-06-10 10:17:04] INFO apps.payments Order #1 paid: org=1 plan PRO->PRO
[2026-06-10 10:17:04] INFO apps.payments PerformTransaction: success payme_id=txn_perform_001 order_id=1
[2026-06-10 10:17:04] INFO apps.payments CreateTransaction payme_id=txn_cancel_001 order_id=1 amount=4900000
[2026-06-10 10:17:04] INFO apps.payments Order #1 cancelled: org=1
[2026-06-10 10:17:04] INFO apps.payments CancelTransaction: before-perform payme_id=txn_cancel_001 reason=1
[2026-06-10 10:17:05] INFO apps.payments CreateTransaction payme_id=txn_cancel_001 order_id=1 amount=4900000
[2026-06-10 10:17:05] INFO apps.payments Order #1 paid: org=1 plan PRO->PRO
[2026-06-10 10:17:05] INFO apps.payments PerformTransaction: success payme_id=txn_cancel_001 order_id=1
[2026-06-10 10:17:05] INFO apps.payments Order #1 reverted: org=1 plan PRO->PRO
[2026-06-10 10:17:05] INFO apps.payments CancelTransaction: after-perform payme_id=txn_cancel_001 reason=2
[2026-06-10 10:17:05] INFO apps.payments CreateTransaction payme_id=txn_cancel_001 order_id=1 amount=4900000
[2026-06-10 10:17:05] INFO apps.payments Order #1 cancelled: org=1
[2026-06-10 10:17:05] INFO apps.payments CancelTransaction: before-perform payme_id=txn_cancel_001 reason=1
[2026-06-10 10:17:05] INFO apps.payments CreateTransaction payme_id=txn_check_001 order_id=1 amount=4900000
[2026-06-10 10:17:05] INFO apps.payments CreateTransaction payme_id=txn_stmt_001 order_id=1 amount=4900000
[2026-06-10 10:17:07] WARNING apps.payments Payme auth failed ip=127.0.0.1
[2026-06-10 10:17:08] INFO apps.payments CreateTransaction payme_id=txn_revert_plan_001 order_id=1 amount=4900000
[2026-06-10 10:17:08] INFO apps.payments Order #1 paid: org=1 plan PRO->PRO
[2026-06-10 10:17:08] INFO apps.payments PerformTransaction: success payme_id=txn_revert_plan_001 order_id=1
[2026-06-10 10:17:08] INFO apps.payments Order #1 reverted: org=1 plan PRO->PRO
[2026-06-10 10:17:08] INFO apps.payments CancelTransaction: after-perform payme_id=txn_revert_plan_001 reason=5
[2026-06-10 10:17:09] INFO apps.payments Order #1 paid: org=1 plan PRO->PRO
[2026-06-10 10:17:09] INFO apps.payments Order #1 cancelled: org=1
[2026-06-10 10:17:10] INFO apps.payments Order #1 paid: org=1 plan PRO->PRO
[2026-06-10 10:17:10] INFO apps.payments Order #1 reverted: org=1 plan PRO->PRO
[2026-06-10 10:17:10] INFO apps.payments CreateTransaction payme_id=audit_test_txn_001 order_id=1 amount=4900000
[2026-06-10 10:17:10] INFO apps.payments Order #1 paid: org=1 plan PRO->PRO
[2026-06-10 10:17:10] INFO apps.payments PerformTransaction: success payme_id=audit_test_txn_001 order_id=1
[2026-06-10 10:17:11] INFO apps.payments Order #1 paid: org=1 plan PRO->PRO
[2026-06-10 10:17:11] INFO apps.payments Order #1 paid: org=1 plan PRO->PRO
[2026-06-10 10:17:11] INFO apps.payments Downgraded org=1 from PRO to BASIC (grace period expired)
[2026-06-10 10:17:11] WARNING apps.payments Subscription expiring: org=1 expires=2026-06-12 05:17:11.388564+00:00
[2026-06-10 10:17:22] INFO apps.accounts Login success: user=tenantadmin ip=127.0.0.1
[2026-06-10 10:18:10] WARNING apps.core user 1 has no org, returning qs.none()
[2026-06-10 10:18:11] INFO apps.accounts Login success: user=tenantadmin ip=127.0.0.1
[2026-06-10 10:18:12] INFO apps.accounts Login success: user=tenantadmin ip=127.0.0.1
[2026-06-10 10:18:13] INFO apps.accounts Login success: user=tenantadmin ip=127.0.0.1
[2026-06-10 10:18:13] INFO apps.accounts Login success: user=superadmin ip=127.0.0.1
[2026-06-10 10:18:14] INFO apps.accounts User created: newcook by tenantadmin
[2026-06-10 10:18:16] INFO apps.accounts User deleted: id=2 by tenantadmin
[2026-06-10 10:18:16] INFO apps.accounts User created: new_cook by tenantadmin
[2026-06-10 10:18:17] INFO apps.accounts User created: sa_user by superadmin
[2026-06-10 10:18:35] INFO apps.accounts Login success: user=tenantadmin ip=127.0.0.1
[2026-06-10 10:18:36] INFO apps.payments Order #1 paid: org=1 plan PRO->PRO
[2026-06-10 10:18:36] INFO apps.payments Order #1 cancelled: org=1
[2026-06-10 10:18:36] WARNING apps.payments Payme auth failed ip=127.0.0.1
[2026-06-10 10:18:36] WARNING apps.payments Payme auth failed ip=127.0.0.1
[2026-06-10 10:18:36] INFO apps.payments CheckPerformTransaction order_id=1 amount=4900000
[2026-06-10 10:18:37] INFO apps.payments CheckPerformTransaction order_id=1 amount=999
[2026-06-10 10:18:37] WARNING apps.payments CheckPerformTransaction: wrong amount order_id=1 expected=4900000 got=999
[2026-06-10 10:18:37] INFO apps.payments CheckPerformTransaction order_id=99999 amount=4900000
[2026-06-10 10:18:37] WARNING apps.payments CheckPerformTransaction: order not found order_id=99999
[2026-06-10 10:18:37] INFO apps.payments Order #1 paid: org=1 plan PRO->PRO
[2026-06-10 10:18:37] INFO apps.payments CheckPerformTransaction order_id=1 amount=4900000
[2026-06-10 10:18:37] WARNING apps.payments CheckPerformTransaction: order already paid order_id=1
[2026-06-10 10:18:37] INFO apps.payments CreateTransaction payme_id=txn_create_001 order_id=1 amount=4900000
[2026-06-10 10:18:37] INFO apps.payments CreateTransaction payme_id=txn_create_001 order_id=1 amount=4900000
[2026-06-10 10:18:37] INFO apps.payments CreateTransaction payme_id=txn_create_001 order_id=1 amount=4900000
[2026-06-10 10:18:37] INFO apps.payments CreateTransaction: idempotent payme_id=txn_create_001 txn_id=1
[2026-06-10 10:18:37] INFO apps.payments CreateTransaction payme_id=txn_create_001 order_id=99999 amount=4900000
[2026-06-10 10:18:38] INFO apps.payments CreateTransaction payme_id=txn_perform_001 order_id=1 amount=4900000
[2026-06-10 10:18:38] INFO apps.payments Order #1 paid: org=1 plan PRO->PRO
[2026-06-10 10:18:38] INFO apps.payments PerformTransaction: success payme_id=txn_perform_001 order_id=1
[2026-06-10 10:18:38] INFO apps.payments CreateTransaction payme_id=txn_perform_001 order_id=1 amount=4900000
[2026-06-10 10:18:38] INFO apps.payments Order #1 paid: org=1 plan PRO->PRO
[2026-06-10 10:18:38] INFO apps.payments PerformTransaction: success payme_id=txn_perform_001 order_id=1
[2026-06-10 10:18:38] INFO apps.payments CreateTransaction payme_id=txn_cancel_001 order_id=1 amount=4900000
[2026-06-10 10:18:38] INFO apps.payments Order #1 cancelled: org=1
[2026-06-10 10:18:38] INFO apps.payments CancelTransaction: before-perform payme_id=txn_cancel_001 reason=1
[2026-06-10 10:18:38] INFO apps.payments CreateTransaction payme_id=txn_cancel_001 order_id=1 amount=4900000
[2026-06-10 10:18:38] INFO apps.payments Order #1 paid: org=1 plan PRO->PRO
[2026-06-10 10:18:38] INFO apps.payments PerformTransaction: success payme_id=txn_cancel_001 order_id=1
[2026-06-10 10:18:38] INFO apps.payments Order #1 reverted: org=1 plan PRO->PRO
[2026-06-10 10:18:38] INFO apps.payments CancelTransaction: after-perform payme_id=txn_cancel_001 reason=2
[2026-06-10 10:18:39] INFO apps.payments CreateTransaction payme_id=txn_cancel_001 order_id=1 amount=4900000
[2026-06-10 10:18:39] INFO apps.payments Order #1 cancelled: org=1
[2026-06-10 10:18:39] INFO apps.payments CancelTransaction: before-perform payme_id=txn_cancel_001 reason=1
[2026-06-10 10:18:39] INFO apps.payments CreateTransaction payme_id=txn_check_001 order_id=1 amount=4900000
[2026-06-10 10:18:39] INFO apps.payments CreateTransaction payme_id=txn_stmt_001 order_id=1 amount=4900000
[2026-06-10 10:18:41] WARNING apps.payments Payme auth failed ip=127.0.0.1
[2026-06-10 10:18:41] INFO apps.payments CreateTransaction payme_id=txn_revert_plan_001 order_id=1 amount=4900000
[2026-06-10 10:18:41] INFO apps.payments Order #1 paid: org=1 plan PRO->PRO
[2026-06-10 10:18:41] INFO apps.payments PerformTransaction: success payme_id=txn_revert_plan_001 order_id=1
[2026-06-10 10:18:41] INFO apps.payments Order #1 reverted: org=1 plan PRO->PRO
[2026-06-10 10:18:41] INFO apps.payments CancelTransaction: after-perform payme_id=txn_revert_plan_001 reason=5
[2026-06-10 10:18:43] INFO apps.payments Order #1 paid: org=1 plan PRO->PRO
[2026-06-10 10:18:43] INFO apps.payments Order #1 cancelled: org=1
[2026-06-10 10:18:43] INFO apps.payments Order #1 paid: org=1 plan PRO->PRO
[2026-06-10 10:18:43] INFO apps.payments Order #1 reverted: org=1 plan PRO->PRO
[2026-06-10 10:18:44] INFO apps.payments CreateTransaction payme_id=audit_test_txn_001 order_id=1 amount=4900000
[2026-06-10 10:18:44] INFO apps.payments Order #1 paid: org=1 plan PRO->PRO
[2026-06-10 10:18:44] INFO apps.payments PerformTransaction: success payme_id=audit_test_txn_001 order_id=1
[2026-06-10 10:18:44] INFO apps.payments Order #1 paid: org=1 plan PRO->PRO
[2026-06-10 10:18:45] INFO apps.payments Order #1 paid: org=1 plan PRO->PRO
[2026-06-10 10:18:45] INFO apps.payments Downgraded org=1 from PRO to BASIC (grace period expired)
[2026-06-10 10:18:45] WARNING apps.payments Subscription expiring: org=1 expires=2026-06-12 05:18:45.169239+00:00
[2026-06-10 10:18:56] INFO apps.accounts Login success: user=tenantadmin ip=127.0.0.1
[2026-06-10 10:19:28] WARNING apps.core user 1 has no org, returning qs.none()
[2026-06-10 10:19:29] INFO apps.accounts Login success: user=tenantadmin ip=127.0.0.1
[2026-06-10 10:19:30] INFO apps.accounts Login success: user=tenantadmin ip=127.0.0.1
[2026-06-10 10:19:31] INFO apps.accounts Login success: user=tenantadmin ip=127.0.0.1
[2026-06-10 10:19:31] INFO apps.accounts Login success: user=superadmin ip=127.0.0.1
[2026-06-10 10:19:32] INFO apps.accounts User created: newcook by tenantadmin
[2026-06-10 10:19:34] INFO apps.accounts User deleted: id=2 by tenantadmin
[2026-06-10 10:19:34] INFO apps.accounts User created: new_cook by tenantadmin
[2026-06-10 10:19:35] INFO apps.accounts User created: sa_user by superadmin
[2026-06-10 10:19:53] INFO apps.accounts Login success: user=tenantadmin ip=127.0.0.1
[2026-06-10 10:19:54] INFO apps.payments Order #1 paid: org=1 plan PRO->PRO
[2026-06-10 10:19:54] INFO apps.payments Order #1 cancelled: org=1
[2026-06-10 10:19:54] WARNING apps.payments Payme auth failed ip=127.0.0.1
[2026-06-10 10:19:54] WARNING apps.payments Payme auth failed ip=127.0.0.1
[2026-06-10 10:19:54] INFO apps.payments CheckPerformTransaction order_id=1 amount=4900000
[2026-06-10 10:19:55] INFO apps.payments CheckPerformTransaction order_id=1 amount=999
[2026-06-10 10:19:55] WARNING apps.payments CheckPerformTransaction: wrong amount order_id=1 expected=4900000 got=999
[2026-06-10 10:19:55] INFO apps.payments CheckPerformTransaction order_id=99999 amount=4900000
[2026-06-10 10:19:55] WARNING apps.payments CheckPerformTransaction: order not found order_id=99999
[2026-06-10 10:19:55] INFO apps.payments Order #1 paid: org=1 plan PRO->PRO
[2026-06-10 10:19:55] INFO apps.payments CheckPerformTransaction order_id=1 amount=4900000
[2026-06-10 10:19:55] WARNING apps.payments CheckPerformTransaction: order already paid order_id=1
[2026-06-10 10:19:55] INFO apps.payments CreateTransaction payme_id=txn_create_001 order_id=1 amount=4900000
[2026-06-10 10:19:55] INFO apps.payments CreateTransaction payme_id=txn_create_001 order_id=1 amount=4900000
[2026-06-10 10:19:55] INFO apps.payments CreateTransaction payme_id=txn_create_001 order_id=1 amount=4900000
[2026-06-10 10:19:55] INFO apps.payments CreateTransaction: idempotent payme_id=txn_create_001 txn_id=1
[2026-06-10 10:19:55] INFO apps.payments CreateTransaction payme_id=txn_create_001 order_id=99999 amount=4900000
[2026-06-10 10:19:56] INFO apps.payments CreateTransaction payme_id=txn_perform_001 order_id=1 amount=4900000
[2026-06-10 10:19:56] INFO apps.payments Order #1 paid: org=1 plan PRO->PRO
[2026-06-10 10:19:56] INFO apps.payments PerformTransaction: success payme_id=txn_perform_001 order_id=1
[2026-06-10 10:19:56] INFO apps.payments CreateTransaction payme_id=txn_perform_001 order_id=1 amount=4900000
[2026-06-10 10:19:56] INFO apps.payments Order #1 paid: org=1 plan PRO->PRO
[2026-06-10 10:19:56] INFO apps.payments PerformTransaction: success payme_id=txn_perform_001 order_id=1
[2026-06-10 10:19:56] INFO apps.payments CreateTransaction payme_id=txn_cancel_001 order_id=1 amount=4900000
[2026-06-10 10:19:56] INFO apps.payments Order #1 cancelled: org=1
[2026-06-10 10:19:56] INFO apps.payments CancelTransaction: before-perform payme_id=txn_cancel_001 reason=1
[2026-06-10 10:19:56] INFO apps.payments CreateTransaction payme_id=txn_cancel_001 order_id=1 amount=4900000
[2026-06-10 10:19:56] INFO apps.payments Order #1 paid: org=1 plan PRO->PRO
[2026-06-10 10:19:56] INFO apps.payments PerformTransaction: success payme_id=txn_cancel_001 order_id=1
[2026-06-10 10:19:56] INFO apps.payments Order #1 reverted: org=1 plan PRO->PRO
[2026-06-10 10:19:56] INFO apps.payments CancelTransaction: after-perform payme_id=txn_cancel_001 reason=2
[2026-06-10 10:19:57] INFO apps.payments CreateTransaction payme_id=txn_cancel_001 order_id=1 amount=4900000
[2026-06-10 10:19:57] INFO apps.payments Order #1 cancelled: org=1
[2026-06-10 10:19:57] INFO apps.payments CancelTransaction: before-perform payme_id=txn_cancel_001 reason=1
[2026-06-10 10:19:57] INFO apps.payments CreateTransaction payme_id=txn_check_001 order_id=1 amount=4900000
[2026-06-10 10:19:57] INFO apps.payments CreateTransaction payme_id=txn_stmt_001 order_id=1 amount=4900000
[2026-06-10 10:19:59] WARNING apps.payments Payme auth failed ip=127.0.0.1
[2026-06-10 10:19:59] INFO apps.payments CreateTransaction payme_id=txn_revert_plan_001 order_id=1 amount=4900000
[2026-06-10 10:19:59] INFO apps.payments Order #1 paid: org=1 plan PRO->PRO
[2026-06-10 10:19:59] INFO apps.payments PerformTransaction: success payme_id=txn_revert_plan_001 order_id=1
[2026-06-10 10:19:59] INFO apps.payments Order #1 reverted: org=1 plan PRO->PRO
[2026-06-10 10:19:59] INFO apps.payments CancelTransaction: after-perform payme_id=txn_revert_plan_001 reason=5
[2026-06-10 10:20:01] INFO apps.payments Order #1 paid: org=1 plan PRO->PRO
[2026-06-10 10:20:01] INFO apps.payments Order #1 cancelled: org=1
[2026-06-10 10:20:01] INFO apps.payments Order #1 paid: org=1 plan PRO->PRO
[2026-06-10 10:20:01] INFO apps.payments Order #1 reverted: org=1 plan PRO->PRO
[2026-06-10 10:20:02] INFO apps.payments CreateTransaction payme_id=audit_test_txn_001 order_id=1 amount=4900000
[2026-06-10 10:20:02] INFO apps.payments Order #1 paid: org=1 plan PRO->PRO
[2026-06-10 10:20:02] INFO apps.payments PerformTransaction: success payme_id=audit_test_txn_001 order_id=1
[2026-06-10 10:20:02] INFO apps.payments Order #1 paid: org=1 plan PRO->PRO
[2026-06-10 10:20:03] INFO apps.payments Order #1 paid: org=1 plan PRO->PRO
[2026-06-10 10:20:03] INFO apps.payments Downgraded org=1 from PRO to BASIC (grace period expired)
[2026-06-10 10:20:03] WARNING apps.payments Subscription expiring: org=1 expires=2026-06-12 05:20:03.137092+00:00
[2026-06-10 10:20:14] INFO apps.accounts Login success: user=tenantadmin ip=127.0.0.1
[2026-06-10 10:21:10] INFO apps.core SoftDelete: Organization #1 deleted
[2026-06-10 10:21:15] INFO apps.accounts Login success: user=tenantadmin ip=127.0.0.1
[2026-06-10 10:21:15] INFO apps.core SoftDelete: Organization #1 deleted
[2026-06-10 10:21:15] INFO apps.core SoftDelete: Organization #1 deleted
[2026-06-10 10:21:15] INFO apps.core SoftDelete: Organization #1 deleted
[2026-06-10 10:21:15] INFO apps.core SoftDelete: Organization #1 deleted
[2026-06-10 10:21:15] INFO apps.core SoftDelete: Organization #1 deleted
[2026-06-10 10:21:15] INFO apps.core SoftDelete: Organization #1 deleted
[2026-06-10 10:22:18] INFO apps.core SoftDelete: Kitchen #1 deleted
[2026-06-10 10:22:22] INFO apps.core SoftDelete: Category #1 deleted
[2026-06-10 10:22:23] INFO apps.core SoftDelete: Product #1 deleted
[2026-06-10 10:22:41] INFO apps.core SoftDelete: Kitchen #1 deleted
[2026-06-10 10:22:44] INFO apps.core SoftDelete: Kitchen #1 deleted
[2026-06-10 10:22:45] INFO apps.core SoftDelete: Category #1 deleted
[2026-06-10 10:22:46] INFO apps.core SoftDelete: Product #1 deleted
[2026-06-10 10:22:49] INFO apps.core SoftDelete: Product #1 deleted
[2026-06-10 10:24:21] INFO apps.core SoftDelete: Kitchen #1 deleted
[2026-06-10 10:24:23] INFO apps.core SoftDelete: Kitchen #1 deleted
[2026-06-10 10:25:27] INFO apps.accounts Login success: user=tenantadmin ip=127.0.0.1
[2026-06-10 10:25:29] INFO apps.accounts Login success: user=tenantadmin ip=127.0.0.1
[2026-06-10 10:25:29] INFO apps.accounts Login success: user=tenantadmin ip=127.0.0.1
[2026-06-10 10:25:29] INFO apps.accounts Login success: user=superadmin ip=127.0.0.1
[2026-06-10 10:25:30] INFO apps.accounts User created: newcook by tenantadmin
[2026-06-10 10:25:32] INFO apps.accounts User deleted: id=2 by tenantadmin
[2026-06-10 10:25:32] INFO apps.accounts User created: new_cook by tenantadmin
[2026-06-10 10:25:33] INFO apps.accounts User created: sa_user by superadmin
[2026-06-10 10:25:34] INFO apps.core SoftDelete: Organization #1 deleted
[2026-06-10 10:25:39] INFO apps.accounts Login success: user=tenantadmin ip=127.0.0.1
[2026-06-10 10:25:39] INFO apps.core SoftDelete: Organization #1 deleted
[2026-06-10 10:25:39] INFO apps.core SoftDelete: Organization #1 deleted
[2026-06-10 10:25:39] INFO apps.core SoftDelete: Organization #1 deleted
[2026-06-10 10:25:39] INFO apps.core SoftDelete: Organization #1 deleted
[2026-06-10 10:25:39] INFO apps.core SoftDelete: Organization #1 deleted
[2026-06-10 10:25:40] INFO apps.core SoftDelete: Organization #1 deleted
[2026-06-10 10:26:06] INFO apps.core SoftDelete: Category #1 deleted
[2026-06-10 10:26:08] INFO apps.core SoftDelete: Product #1 deleted
[2026-06-10 10:26:10] INFO apps.core SoftDelete: Product #1 deleted
[2026-06-10 10:27:10] INFO apps.payments Order #1 paid: org=1 plan PRO->PRO
[2026-06-10 10:27:10] INFO apps.payments Order #1 cancelled: org=1
[2026-06-10 10:27:10] WARNING apps.payments Payme auth failed ip=127.0.0.1
[2026-06-10 10:27:10] WARNING apps.payments Payme auth failed ip=127.0.0.1
[2026-06-10 10:27:11] INFO apps.payments CheckPerformTransaction order_id=1 amount=4900000
[2026-06-10 10:27:11] INFO apps.payments CheckPerformTransaction order_id=1 amount=999
[2026-06-10 10:27:11] WARNING apps.payments CheckPerformTransaction: wrong amount order_id=1 expected=4900000 got=999
[2026-06-10 10:27:11] INFO apps.payments CheckPerformTransaction order_id=99999 amount=4900000
[2026-06-10 10:27:11] WARNING apps.payments CheckPerformTransaction: order not found order_id=99999
[2026-06-10 10:27:11] INFO apps.payments Order #1 paid: org=1 plan PRO->PRO
[2026-06-10 10:27:11] INFO apps.payments CheckPerformTransaction order_id=1 amount=4900000
[2026-06-10 10:27:11] WARNING apps.payments CheckPerformTransaction: order already paid order_id=1
[2026-06-10 10:27:12] INFO apps.payments CreateTransaction payme_id=txn_create_001 order_id=1 amount=4900000
[2026-06-10 10:27:12] INFO apps.payments CreateTransaction payme_id=txn_create_001 order_id=1 amount=4900000
[2026-06-10 10:27:12] INFO apps.payments CreateTransaction payme_id=txn_create_001 order_id=1 amount=4900000
[2026-06-10 10:27:12] INFO apps.payments CreateTransaction: idempotent payme_id=txn_create_001 txn_id=1
[2026-06-10 10:27:12] INFO apps.payments CreateTransaction payme_id=txn_create_001 order_id=99999 amount=4900000
[2026-06-10 10:27:12] INFO apps.payments CreateTransaction payme_id=txn_perform_001 order_id=1 amount=4900000
[2026-06-10 10:27:12] INFO apps.payments Order #1 paid: org=1 plan PRO->PRO
[2026-06-10 10:27:12] INFO apps.payments PerformTransaction: success payme_id=txn_perform_001 order_id=1
[2026-06-10 10:27:12] INFO apps.payments CreateTransaction payme_id=txn_perform_001 order_id=1 amount=4900000
[2026-06-10 10:27:12] INFO apps.payments Order #1 paid: org=1 plan PRO->PRO
[2026-06-10 10:27:12] INFO apps.payments PerformTransaction: success payme_id=txn_perform_001 order_id=1
[2026-06-10 10:27:13] INFO apps.payments CreateTransaction payme_id=txn_cancel_001 order_id=1 amount=4900000
[2026-06-10 10:27:13] INFO apps.payments Order #1 cancelled: org=1
[2026-06-10 10:27:13] INFO apps.payments CancelTransaction: before-perform payme_id=txn_cancel_001 reason=1
[2026-06-10 10:27:13] INFO apps.payments CreateTransaction payme_id=txn_cancel_001 order_id=1 amount=4900000
[2026-06-10 10:27:13] INFO apps.payments Order #1 paid: org=1 plan PRO->PRO
[2026-06-10 10:27:13] INFO apps.payments PerformTransaction: success payme_id=txn_cancel_001 order_id=1
[2026-06-10 10:27:13] INFO apps.payments Order #1 reverted: org=1 plan PRO->PRO
[2026-06-10 10:27:13] INFO apps.payments CancelTransaction: after-perform payme_id=txn_cancel_001 reason=2
[2026-06-10 10:27:13] INFO apps.payments CreateTransaction payme_id=txn_cancel_001 order_id=1 amount=4900000
[2026-06-10 10:27:13] INFO apps.payments Order #1 cancelled: org=1
[2026-06-10 10:27:13] INFO apps.payments CancelTransaction: before-perform payme_id=txn_cancel_001 reason=1
[2026-06-10 10:27:13] INFO apps.payments CreateTransaction payme_id=txn_check_001 order_id=1 amount=4900000
[2026-06-10 10:27:14] INFO apps.payments CreateTransaction payme_id=txn_stmt_001 order_id=1 amount=4900000
[2026-06-10 10:27:15] WARNING apps.payments Payme auth failed ip=127.0.0.1
[2026-06-10 10:27:16] INFO apps.payments CreateTransaction payme_id=txn_revert_plan_001 order_id=1 amount=4900000
[2026-06-10 10:27:16] INFO apps.payments Order #1 paid: org=1 plan PRO->PRO
[2026-06-10 10:27:16] INFO apps.payments PerformTransaction: success payme_id=txn_revert_plan_001 order_id=1
[2026-06-10 10:27:16] INFO apps.payments Order #1 reverted: org=1 plan PRO->PRO
[2026-06-10 10:27:16] INFO apps.payments CancelTransaction: after-perform payme_id=txn_revert_plan_001 reason=5
[2026-06-10 10:27:17] INFO apps.payments Order #1 paid: org=1 plan PRO->PRO
[2026-06-10 10:27:17] INFO apps.payments Order #1 cancelled: org=1
[2026-06-10 10:27:18] INFO apps.payments Order #1 paid: org=1 plan PRO->PRO
[2026-06-10 10:27:18] INFO apps.payments Order #1 reverted: org=1 plan PRO->PRO
[2026-06-10 10:27:18] INFO apps.payments CreateTransaction payme_id=audit_test_txn_001 order_id=1 amount=4900000
[2026-06-10 10:27:18] INFO apps.payments Order #1 paid: org=1 plan PRO->PRO
[2026-06-10 10:27:18] INFO apps.payments PerformTransaction: success payme_id=audit_test_txn_001 order_id=1
[2026-06-10 10:27:19] INFO apps.payments Order #1 paid: org=1 plan PRO->PRO
[2026-06-10 10:27:19] INFO apps.payments Order #1 paid: org=1 plan PRO->PRO
[2026-06-10 10:27:19] INFO apps.payments Downgraded org=1 from PRO to BASIC (grace period expired)
[2026-06-10 10:27:19] WARNING apps.payments Subscription expiring: org=1 expires=2026-06-12 05:27:19.464034+00:00
[2026-06-10 10:30:12] INFO apps.payments Order #1 paid: org=1 plan PRO->PRO
[2026-06-10 10:30:12] INFO apps.payments Order #1 cancelled: org=1
[2026-06-10 10:30:12] WARNING apps.payments Payme auth failed ip=127.0.0.1
[2026-06-10 10:30:12] WARNING apps.payments Payme auth failed ip=127.0.0.1
[2026-06-10 10:30:13] INFO apps.payments CheckPerformTransaction order_id=1 amount=4900000
[2026-06-10 10:30:13] INFO apps.payments CheckPerformTransaction order_id=1 amount=999
[2026-06-10 10:30:13] WARNING apps.payments CheckPerformTransaction: wrong amount order_id=1 expected=4900000 got=999
[2026-06-10 10:30:13] INFO apps.payments CheckPerformTransaction order_id=99999 amount=4900000
[2026-06-10 10:30:13] WARNING apps.payments CheckPerformTransaction: order not found order_id=99999
[2026-06-10 10:30:13] INFO apps.payments Order #1 paid: org=1 plan PRO->PRO
[2026-06-10 10:30:13] INFO apps.payments CheckPerformTransaction order_id=1 amount=4900000
[2026-06-10 10:30:13] WARNING apps.payments CheckPerformTransaction: order already paid order_id=1
[2026-06-10 10:30:13] INFO apps.payments CreateTransaction payme_id=txn_create_001 order_id=1 amount=4900000
[2026-06-10 10:30:14] INFO apps.payments CreateTransaction payme_id=txn_create_001 order_id=1 amount=4900000
[2026-06-10 10:30:14] INFO apps.payments CreateTransaction payme_id=txn_create_001 order_id=1 amount=4900000
[2026-06-10 10:30:14] INFO apps.payments CreateTransaction: idempotent payme_id=txn_create_001 txn_id=1
[2026-06-10 10:30:14] INFO apps.payments CreateTransaction payme_id=txn_create_001 order_id=99999 amount=4900000
[2026-06-10 10:30:14] INFO apps.payments CreateTransaction payme_id=txn_perform_001 order_id=1 amount=4900000
[2026-06-10 10:30:14] INFO apps.payments Order #1 paid: org=1 plan PRO->PRO
[2026-06-10 10:30:14] INFO apps.payments PerformTransaction: success payme_id=txn_perform_001 order_id=1
[2026-06-10 10:30:14] INFO apps.payments CreateTransaction payme_id=txn_perform_001 order_id=1 amount=4900000
[2026-06-10 10:30:14] INFO apps.payments Order #1 paid: org=1 plan PRO->PRO
[2026-06-10 10:30:14] INFO apps.payments PerformTransaction: success payme_id=txn_perform_001 order_id=1
[2026-06-10 10:30:14] INFO apps.payments CreateTransaction payme_id=txn_cancel_001 order_id=1 amount=4900000
[2026-06-10 10:30:14] INFO apps.payments Order #1 cancelled: org=1
[2026-06-10 10:30:14] INFO apps.payments CancelTransaction: before-perform payme_id=txn_cancel_001 reason=1
[2026-06-10 10:30:15] INFO apps.payments CreateTransaction payme_id=txn_cancel_001 order_id=1 amount=4900000
[2026-06-10 10:30:15] INFO apps.payments Order #1 paid: org=1 plan PRO->PRO
[2026-06-10 10:30:15] INFO apps.payments PerformTransaction: success payme_id=txn_cancel_001 order_id=1
[2026-06-10 10:30:15] INFO apps.payments Order #1 reverted: org=1 plan PRO->PRO
[2026-06-10 10:30:15] INFO apps.payments CancelTransaction: after-perform payme_id=txn_cancel_001 reason=2
[2026-06-10 10:30:15] INFO apps.payments CreateTransaction payme_id=txn_cancel_001 order_id=1 amount=4900000
[2026-06-10 10:30:15] INFO apps.payments Order #1 cancelled: org=1
[2026-06-10 10:30:15] INFO apps.payments CancelTransaction: before-perform payme_id=txn_cancel_001 reason=1
[2026-06-10 10:30:15] INFO apps.payments CreateTransaction payme_id=txn_check_001 order_id=1 amount=4900000
[2026-06-10 10:30:15] INFO apps.payments CreateTransaction payme_id=txn_stmt_001 order_id=1 amount=4900000
[2026-06-10 10:30:17] WARNING apps.payments Payme auth failed ip=127.0.0.1
[2026-06-10 10:30:17] INFO apps.payments CreateTransaction payme_id=txn_revert_plan_001 order_id=1 amount=4900000
[2026-06-10 10:30:17] INFO apps.payments Order #1 paid: org=1 plan PRO->PRO
[2026-06-10 10:30:17] INFO apps.payments PerformTransaction: success payme_id=txn_revert_plan_001 order_id=1
[2026-06-10 10:30:17] INFO apps.payments Order #1 reverted: org=1 plan PRO->PRO
[2026-06-10 10:30:17] INFO apps.payments CancelTransaction: after-perform payme_id=txn_revert_plan_001 reason=5
[2026-06-10 10:30:19] INFO apps.payments Order #1 paid: org=1 plan PRO->PRO
[2026-06-10 10:30:19] INFO apps.payments Order #1 cancelled: org=1
[2026-06-10 10:30:19] INFO apps.payments Order #1 paid: org=1 plan PRO->PRO
[2026-06-10 10:30:19] INFO apps.payments Order #1 reverted: org=1 plan PRO->PRO
[2026-06-10 10:30:20] INFO apps.payments CreateTransaction payme_id=audit_test_txn_001 order_id=1 amount=4900000
[2026-06-10 10:30:20] INFO apps.payments Order #1 paid: org=1 plan PRO->PRO
[2026-06-10 10:30:20] INFO apps.payments PerformTransaction: success payme_id=audit_test_txn_001 order_id=1
[2026-06-10 10:30:20] INFO apps.payments Order #1 paid: org=1 plan PRO->PRO
[2026-06-10 10:30:21] INFO apps.payments Order #1 paid: org=1 plan PRO->PRO
[2026-06-10 10:30:21] INFO apps.payments Downgraded org=1 from PRO to BASIC (grace period expired)
[2026-06-10 10:30:21] WARNING apps.payments Subscription expiring: org=1 expires=2026-06-12 05:30:21.149762+00:00
[2026-06-10 10:33:20] INFO apps.core SoftDelete: Organization #1 deleted
[2026-06-10 10:33:25] INFO apps.accounts Login success: user=tenantadmin ip=127.0.0.1
[2026-06-10 10:33:25] INFO apps.core SoftDelete: Organization #1 deleted
[2026-06-10 10:33:25] INFO apps.core SoftDelete: Organization #1 deleted
[2026-06-10 10:33:25] INFO apps.core SoftDelete: Organization #1 deleted
[2026-06-10 10:33:25] INFO apps.core SoftDelete: Organization #1 deleted
[2026-06-10 10:33:26] INFO apps.core SoftDelete: Organization #1 deleted
[2026-06-10 10:33:26] INFO apps.core SoftDelete: Organization #1 deleted
[2026-06-10 10:40:35] WARNING apps.core user 1 has no org, returning qs.none()
[2026-06-10 10:40:36] INFO apps.accounts Login success: user=tenantadmin ip=127.0.0.1
[2026-06-10 10:40:37] INFO apps.accounts Login success: user=tenantadmin ip=127.0.0.1
[2026-06-10 10:40:38] INFO apps.accounts Login success: user=tenantadmin ip=127.0.0.1
[2026-06-10 10:40:38] INFO apps.accounts Login success: user=superadmin ip=127.0.0.1
[2026-06-10 10:40:39] INFO apps.accounts User created: newcook by tenantadmin
[2026-06-10 10:40:40] INFO apps.accounts User deleted: id=2 by tenantadmin
[2026-06-10 10:40:41] INFO apps.accounts User created: new_cook by tenantadmin
[2026-06-10 10:40:42] INFO apps.accounts User created: sa_user by superadmin
[2026-06-10 10:40:43] INFO apps.core SoftDelete: Kitchen #1 deleted
[2026-06-10 10:40:46] INFO apps.core SoftDelete: Kitchen #1 deleted
[2026-06-10 10:40:53] INFO apps.core SoftDelete: Organization #1 deleted
[2026-06-10 10:40:58] INFO apps.accounts Login success: user=tenantadmin ip=127.0.0.1
[2026-06-10 10:40:58] INFO apps.core SoftDelete: Organization #1 deleted
[2026-06-10 10:40:58] INFO apps.core SoftDelete: Organization #1 deleted
[2026-06-10 10:40:58] INFO apps.core SoftDelete: Organization #1 deleted
[2026-06-10 10:40:58] INFO apps.core SoftDelete: Organization #1 deleted
[2026-06-10 10:40:58] INFO apps.core SoftDelete: Organization #1 deleted
[2026-06-10 10:40:58] INFO apps.core SoftDelete: Organization #1 deleted
[2026-06-10 10:40:59] INFO apps.payments Order #1 paid: org=1 plan PRO->PRO
[2026-06-10 10:41:00] INFO apps.payments Order #1 cancelled: org=1
[2026-06-10 10:41:00] WARNING apps.payments Payme auth failed ip=127.0.0.1
[2026-06-10 10:41:00] WARNING apps.payments Payme auth failed ip=127.0.0.1
[2026-06-10 10:41:00] INFO apps.payments CheckPerformTransaction order_id=1 amount=4900000
[2026-06-10 10:41:00] INFO apps.payments CheckPerformTransaction order_id=1 amount=999
[2026-06-10 10:41:00] WARNING apps.payments CheckPerformTransaction: wrong amount order_id=1 expected=4900000 got=999
[2026-06-10 10:41:00] INFO apps.payments CheckPerformTransaction order_id=99999 amount=4900000
[2026-06-10 10:41:00] WARNING apps.payments CheckPerformTransaction: order not found order_id=99999
[2026-06-10 10:41:01] INFO apps.payments Order #1 paid: org=1 plan PRO->PRO
[2026-06-10 10:41:01] INFO apps.payments CheckPerformTransaction order_id=1 amount=4900000
[2026-06-10 10:41:01] WARNING apps.payments CheckPerformTransaction: order already paid order_id=1
[2026-06-10 10:41:01] INFO apps.payments CreateTransaction payme_id=txn_create_001 order_id=1 amount=4900000
[2026-06-10 10:41:01] INFO apps.payments CreateTransaction payme_id=txn_create_001 order_id=1 amount=4900000
[2026-06-10 10:41:01] INFO apps.payments CreateTransaction payme_id=txn_create_001 order_id=1 amount=4900000
[2026-06-10 10:41:01] INFO apps.payments CreateTransaction: idempotent payme_id=txn_create_001 txn_id=1
[2026-06-10 10:41:01] INFO apps.payments CreateTransaction payme_id=txn_create_001 order_id=99999 amount=4900000
[2026-06-10 10:41:01] INFO apps.payments CreateTransaction payme_id=txn_perform_001 order_id=1 amount=4900000
[2026-06-10 10:41:01] INFO apps.payments Order #1 paid: org=1 plan PRO->PRO
[2026-06-10 10:41:01] INFO apps.payments PerformTransaction: success payme_id=txn_perform_001 order_id=1
[2026-06-10 10:41:02] INFO apps.payments CreateTransaction payme_id=txn_perform_001 order_id=1 amount=4900000
[2026-06-10 10:41:02] INFO apps.payments Order #1 paid: org=1 plan PRO->PRO
[2026-06-10 10:41:02] INFO apps.payments PerformTransaction: success payme_id=txn_perform_001 order_id=1
[2026-06-10 10:41:02] INFO apps.payments CreateTransaction payme_id=txn_cancel_001 order_id=1 amount=4900000
[2026-06-10 10:41:02] INFO apps.payments Order #1 cancelled: org=1
[2026-06-10 10:41:02] INFO apps.payments CancelTransaction: before-perform payme_id=txn_cancel_001 reason=1
[2026-06-10 10:41:02] INFO apps.payments CreateTransaction payme_id=txn_cancel_001 order_id=1 amount=4900000
[2026-06-10 10:41:02] INFO apps.payments Order #1 paid: org=1 plan PRO->PRO
[2026-06-10 10:41:02] INFO apps.payments PerformTransaction: success payme_id=txn_cancel_001 order_id=1
[2026-06-10 10:41:02] INFO apps.payments Order #1 reverted: org=1 plan PRO->PRO
[2026-06-10 10:41:02] INFO apps.payments CancelTransaction: after-perform payme_id=txn_cancel_001 reason=2
[2026-06-10 10:41:02] INFO apps.payments CreateTransaction payme_id=txn_cancel_001 order_id=1 amount=4900000
[2026-06-10 10:41:02] INFO apps.payments Order #1 cancelled: org=1
[2026-06-10 10:41:02] INFO apps.payments CancelTransaction: before-perform payme_id=txn_cancel_001 reason=1
[2026-06-10 10:41:03] INFO apps.payments CreateTransaction payme_id=txn_check_001 order_id=1 amount=4900000
[2026-06-10 10:41:03] INFO apps.payments CreateTransaction payme_id=txn_stmt_001 order_id=1 amount=4900000
[2026-06-10 10:41:05] WARNING apps.payments Payme auth failed ip=127.0.0.1
[2026-06-10 10:41:05] INFO apps.payments CreateTransaction payme_id=txn_revert_plan_001 order_id=1 amount=4900000
[2026-06-10 10:41:05] INFO apps.payments Order #1 paid: org=1 plan PRO->PRO
[2026-06-10 10:41:05] INFO apps.payments PerformTransaction: success payme_id=txn_revert_plan_001 order_id=1
[2026-06-10 10:41:05] INFO apps.payments Order #1 reverted: org=1 plan PRO->PRO
[2026-06-10 10:41:05] INFO apps.payments CancelTransaction: after-perform payme_id=txn_revert_plan_001 reason=5
[2026-06-10 10:41:06] INFO apps.payments Order #1 paid: org=1 plan PRO->PRO
[2026-06-10 10:41:07] INFO apps.payments Order #1 cancelled: org=1
[2026-06-10 10:41:07] INFO apps.payments Order #1 paid: org=1 plan PRO->PRO
[2026-06-10 10:41:07] INFO apps.payments Order #1 reverted: org=1 plan PRO->PRO
[2026-06-10 10:41:07] INFO apps.payments CreateTransaction payme_id=audit_test_txn_001 order_id=1 amount=4900000
[2026-06-10 10:41:07] INFO apps.payments Order #1 paid: org=1 plan PRO->PRO
[2026-06-10 10:41:07] INFO apps.payments PerformTransaction: success payme_id=audit_test_txn_001 order_id=1
[2026-06-10 10:41:08] INFO apps.payments Order #1 paid: org=1 plan PRO->PRO
[2026-06-10 10:41:08] INFO apps.payments Order #1 paid: org=1 plan PRO->PRO
[2026-06-10 10:41:08] INFO apps.payments Downgraded org=1 from PRO to BASIC (grace period expired)
[2026-06-10 10:41:08] WARNING apps.payments Subscription expiring: org=1 expires=2026-06-12 05:41:08.640893+00:00
[2026-06-10 10:41:13] INFO apps.core SoftDelete: Kitchen #1 deleted
[2026-06-10 10:41:13] INFO apps.core SoftDelete: Product #1 deleted
[2026-06-10 10:41:13] INFO apps.core SoftDelete: Category #1 deleted
[2026-06-10 10:41:17] INFO apps.core SoftDelete: Category #1 deleted
[2026-06-10 10:41:18] INFO apps.core SoftDelete: Product #1 deleted
[2026-06-10 10:41:20] INFO apps.core SoftDelete: Product #1 deleted
[2026-06-10 10:41:21] INFO apps.accounts Login success: user=tenantadmin ip=127.0.0.1
[2026-06-10 10:44:04] WARNING apps.core user 1 has no org, returning qs.none()
[2026-06-10 10:44:05] INFO apps.accounts Login success: user=tenantadmin ip=127.0.0.1
[2026-06-10 10:44:06] INFO apps.accounts Login success: user=tenantadmin ip=127.0.0.1
[2026-06-10 10:44:07] INFO apps.accounts Login success: user=tenantadmin ip=127.0.0.1
[2026-06-10 10:44:07] INFO apps.accounts Login success: user=superadmin ip=127.0.0.1
[2026-06-10 10:44:08] INFO apps.accounts User created: newcook by tenantadmin
[2026-06-10 10:44:09] INFO apps.accounts User deleted: id=2 by tenantadmin
[2026-06-10 10:44:10] INFO apps.accounts User created: new_cook by tenantadmin
[2026-06-10 10:44:11] INFO apps.accounts User created: sa_user by superadmin
[2026-06-10 10:44:12] INFO apps.core SoftDelete: Kitchen #1 deleted
[2026-06-10 10:44:15] INFO apps.core SoftDelete: Kitchen #1 deleted
[2026-06-10 10:44:22] INFO apps.core SoftDelete: Organization #1 deleted
[2026-06-10 10:44:27] INFO apps.accounts Login success: user=tenantadmin ip=127.0.0.1
[2026-06-10 10:44:27] INFO apps.core SoftDelete: Organization #1 deleted
[2026-06-10 10:44:27] INFO apps.core SoftDelete: Organization #1 deleted
[2026-06-10 10:44:27] INFO apps.core SoftDelete: Organization #1 deleted
[2026-06-10 10:44:27] INFO apps.core SoftDelete: Organization #1 deleted
[2026-06-10 10:44:27] INFO apps.core SoftDelete: Organization #1 deleted
[2026-06-10 10:44:27] INFO apps.core SoftDelete: Organization #1 deleted
[2026-06-10 10:44:29] INFO apps.payments Order #1 paid: org=1 plan PRO->PRO
[2026-06-10 10:44:29] INFO apps.payments Order #1 cancelled: org=1
[2026-06-10 10:44:29] WARNING apps.payments Payme auth failed ip=127.0.0.1
[2026-06-10 10:44:29] WARNING apps.payments Payme auth failed ip=127.0.0.1
[2026-06-10 10:44:29] INFO apps.payments CheckPerformTransaction order_id=1 amount=4900000
[2026-06-10 10:44:29] INFO apps.payments CheckPerformTransaction order_id=1 amount=999
[2026-06-10 10:44:29] WARNING apps.payments CheckPerformTransaction: wrong amount order_id=1 expected=4900000 got=999
[2026-06-10 10:44:29] INFO apps.payments CheckPerformTransaction order_id=99999 amount=4900000
[2026-06-10 10:44:29] WARNING apps.payments CheckPerformTransaction: order not found order_id=99999
[2026-06-10 10:44:30] INFO apps.payments Order #1 paid: org=1 plan PRO->PRO
[2026-06-10 10:44:30] INFO apps.payments CheckPerformTransaction order_id=1 amount=4900000
[2026-06-10 10:44:30] WARNING apps.payments CheckPerformTransaction: order already paid order_id=1
[2026-06-10 10:44:30] INFO apps.payments CreateTransaction payme_id=txn_create_001 order_id=1 amount=4900000
[2026-06-10 10:44:30] INFO apps.payments CreateTransaction payme_id=txn_create_001 order_id=1 amount=4900000
[2026-06-10 10:44:30] INFO apps.payments CreateTransaction payme_id=txn_create_001 order_id=1 amount=4900000
[2026-06-10 10:44:30] INFO apps.payments CreateTransaction: idempotent payme_id=txn_create_001 txn_id=1
[2026-06-10 10:44:30] INFO apps.payments CreateTransaction payme_id=txn_create_001 order_id=99999 amount=4900000
[2026-06-10 10:44:30] INFO apps.payments CreateTransaction payme_id=txn_perform_001 order_id=1 amount=4900000
[2026-06-10 10:44:30] INFO apps.payments Order #1 paid: org=1 plan PRO->PRO
[2026-06-10 10:44:30] INFO apps.payments PerformTransaction: success payme_id=txn_perform_001 order_id=1
[2026-06-10 10:44:31] INFO apps.payments CreateTransaction payme_id=txn_perform_001 order_id=1 amount=4900000
[2026-06-10 10:44:31] INFO apps.payments Order #1 paid: org=1 plan PRO->PRO
[2026-06-10 10:44:31] INFO apps.payments PerformTransaction: success payme_id=txn_perform_001 order_id=1
[2026-06-10 10:44:31] INFO apps.payments CreateTransaction payme_id=txn_cancel_001 order_id=1 amount=4900000
[2026-06-10 10:44:31] INFO apps.payments Order #1 cancelled: org=1
[2026-06-10 10:44:31] INFO apps.payments CancelTransaction: before-perform payme_id=txn_cancel_001 reason=1
[2026-06-10 10:44:31] INFO apps.payments CreateTransaction payme_id=txn_cancel_001 order_id=1 amount=4900000
[2026-06-10 10:44:31] INFO apps.payments Order #1 paid: org=1 plan PRO->PRO
[2026-06-10 10:44:31] INFO apps.payments PerformTransaction: success payme_id=txn_cancel_001 order_id=1
[2026-06-10 10:44:31] INFO apps.payments Order #1 reverted: org=1 plan PRO->PRO
[2026-06-10 10:44:31] INFO apps.payments CancelTransaction: after-perform payme_id=txn_cancel_001 reason=2
[2026-06-10 10:44:31] INFO apps.payments CreateTransaction payme_id=txn_cancel_001 order_id=1 amount=4900000
[2026-06-10 10:44:31] INFO apps.payments Order #1 cancelled: org=1
[2026-06-10 10:44:31] INFO apps.payments CancelTransaction: before-perform payme_id=txn_cancel_001 reason=1
[2026-06-10 10:44:32] INFO apps.payments CreateTransaction payme_id=txn_check_001 order_id=1 amount=4900000
[2026-06-10 10:44:32] INFO apps.payments CreateTransaction payme_id=txn_stmt_001 order_id=1 amount=4900000
[2026-06-10 10:44:34] WARNING apps.payments Payme auth failed ip=127.0.0.1
[2026-06-10 10:44:34] INFO apps.payments CreateTransaction payme_id=txn_revert_plan_001 order_id=1 amount=4900000
[2026-06-10 10:44:34] INFO apps.payments Order #1 paid: org=1 plan PRO->PRO
[2026-06-10 10:44:34] INFO apps.payments PerformTransaction: success payme_id=txn_revert_plan_001 order_id=1
[2026-06-10 10:44:34] INFO apps.payments Order #1 reverted: org=1 plan PRO->PRO
[2026-06-10 10:44:34] INFO apps.payments CancelTransaction: after-perform payme_id=txn_revert_plan_001 reason=5
[2026-06-10 10:44:35] INFO apps.payments Order #1 paid: org=1 plan PRO->PRO
[2026-06-10 10:44:36] INFO apps.payments Order #1 cancelled: org=1
[2026-06-10 10:44:36] INFO apps.payments Order #1 paid: org=1 plan PRO->PRO
[2026-06-10 10:44:36] INFO apps.payments Order #1 reverted: org=1 plan PRO->PRO
[2026-06-10 10:44:36] INFO apps.payments CreateTransaction payme_id=audit_test_txn_001 order_id=1 amount=4900000
[2026-06-10 10:44:36] INFO apps.payments Order #1 paid: org=1 plan PRO->PRO
[2026-06-10 10:44:36] INFO apps.payments PerformTransaction: success payme_id=audit_test_txn_001 order_id=1
[2026-06-10 10:44:37] INFO apps.payments Order #1 paid: org=1 plan PRO->PRO
[2026-06-10 10:44:37] INFO apps.payments Order #1 paid: org=1 plan PRO->PRO
[2026-06-10 10:44:37] INFO apps.payments Downgraded org=1 from PRO to BASIC (grace period expired)
[2026-06-10 10:44:37] WARNING apps.payments Subscription expiring: org=1 expires=2026-06-12 05:44:37.651606+00:00
[2026-06-10 10:44:42] INFO apps.core SoftDelete: Kitchen #1 deleted
[2026-06-10 10:44:42] INFO apps.core SoftDelete: Product #1 deleted
[2026-06-10 10:44:42] INFO apps.core SoftDelete: Category #1 deleted
[2026-06-10 10:44:46] INFO apps.core SoftDelete: Category #1 deleted
[2026-06-10 10:44:47] INFO apps.core SoftDelete: Product #1 deleted
[2026-06-10 10:44:49] INFO apps.core SoftDelete: Product #1 deleted
[2026-06-10 10:44:50] INFO apps.accounts Login success: user=tenantadmin ip=127.0.0.1
